-------------------------------------------------------------------------------
Test set: com.csi.SpringBootHibernateAdvApplicationTests
-------------------------------------------------------------------------------
Tests run: 1, Failures: 0, Errors: 1, Skipped: 0, Time elapsed: 3.285 s <<< FAILURE! - in com.csi.SpringBootHibernateAdvApplicationTests
contextLoads  Time elapsed: 0.002 s  <<< ERROR!
java.lang.IllegalStateException: Failed to load ApplicationContext
Caused by: org.springframework.beans.factory.UnsatisfiedDependencyException: Error creating bean with name 'controller': Unsatisfied dependency expressed through field 'employeeServiceImpl'; nested exception is org.springframework.beans.factory.UnsatisfiedDependencyException: Error creating bean with name 'employeeServiceImpl': Unsatisfied dependency expressed through field 'employeeServiceImpl'; nested exception is org.springframework.beans.factory.BeanCurrentlyInCreationException: Error creating bean with name 'employeeServiceImpl': Requested bean is currently in creation: Is there an unresolvable circular reference?
Caused by: org.springframework.beans.factory.UnsatisfiedDependencyException: Error creating bean with name 'employeeServiceImpl': Unsatisfied dependency expressed through field 'employeeServiceImpl'; nested exception is org.springframework.beans.factory.BeanCurrentlyInCreationException: Error creating bean with name 'employeeServiceImpl': Requested bean is currently in creation: Is there an unresolvable circular reference?
Caused by: org.springframework.beans.factory.BeanCurrentlyInCreationException: Error creating bean with name 'employeeServiceImpl': Requested bean is currently in creation: Is there an unresolvable circular reference?

